[ 2018-05-15T09:08:34+08:00 ] ::1 /lhq/Public/select/js/jquery.jmpopups-0.5.1.js
ERR: 无法加载控制器:Public

[ 2018-05-15T09:12:51+08:00 ] ::1 /lhq/
ERR: Cron:cron_1 Runat 2018-05-15 09:12:51 Use 0.002056 s

[ 2018-05-15T09:13:06+08:00 ] ::1 /lhq/backed/
ERR: 无法加载控制器:Backed

[ 2018-05-15T09:13:23+08:00 ] ::1 /lhq/Public/select2/select2.min.js
ERR: 无法加载控制器:Public

[ 2018-05-15T09:13:23+08:00 ] ::1 /lhq/Public/select2/select2.css
ERR: 无法加载控制器:Public

[ 2018-05-15T09:13:23+08:00 ] ::1 /lhq/Public/select/js/jquery.jmpopups-0.5.1.js
ERR: 无法加载控制器:Public

[ 2018-05-15T09:13:24+08:00 ] ::1 /lhq/Public/select2/select2.css
ERR: 无法加载控制器:Public

[ 2018-05-15T09:13:24+08:00 ] ::1 /lhq/Public/select2/select2.min.js
ERR: 无法加载控制器:Public

[ 2018-05-15T09:13:30+08:00 ] ::1 /lhq/Public/select/js/jquery.jmpopups-0.5.1.js
ERR: 无法加载控制器:Public

[ 2018-05-15T09:13:44+08:00 ] ::1 /lhq/Public/select/js/jquery.jmpopups-0.5.1.js
ERR: 无法加载控制器:Public

[ 2018-05-15T09:14:43+08:00 ] ::1 /lhq/Public/select/js/jquery.jmpopups-0.5.1.js
ERR: 无法加载控制器:Public

[ 2018-05-15T09:17:24+08:00 ] ::1 /lhq/Public/select/js/jquery.jmpopups-0.5.1.js
ERR: 无法加载控制器:Public

[ 2018-05-15T09:22:48+08:00 ] ::1 /lhq/Public/select/js/jquery.jmpopups-0.5.1.js
ERR: 无法加载控制器:Public

[ 2018-05-15T09:23:19+08:00 ] ::1 /lhq/Public/select/js/jquery.jmpopups-0.5.1.js
ERR: 无法加载控制器:Public

[ 2018-05-15T09:44:02+08:00 ] ::1 /lhq/Public/select/js/jquery.jmpopups-0.5.1.js
ERR: 无法加载控制器:Public

[ 2018-05-15T09:45:01+08:00 ] ::1 /lhq/Public/select/js/jquery.jmpopups-0.5.1.js
ERR: 无法加载控制器:Public

[ 2018-05-15T10:02:16+08:00 ] ::1 /lhq/
ERR: Cron:cron_1 Runat 2018-05-15 10:02:16 Use 0.001722 s

[ 2018-05-15T10:18:59+08:00 ] ::1 /lhq/aps
ERR: 无法加载控制器:Aps

[ 2018-05-15T10:22:13+08:00 ] ::1 /lhq/apps/api/%20Channelclickmobileapi
ERR: 无法加载控制器:Apps

[ 2018-05-15T10:31:18+08:00 ] ::1 /lhq/Public/select/js/jquery.jmpopups-0.5.1.js
ERR: 无法加载控制器:Public

[ 2018-05-15T10:31:23+08:00 ] ::1 /lhq/Public/select/js/jquery.jmpopups-0.5.1.js
ERR: 无法加载控制器:Public

[ 2018-05-15T10:35:26+08:00 ] ::1 /lhq/Public/select/js/jquery.jmpopups-0.5.1.js
ERR: 无法加载控制器:Public

[ 2018-05-15T10:35:36+08:00 ] ::1 /lhq/Public/select/js/jquery.jmpopups-0.5.1.js
ERR: 无法加载控制器:Public

[ 2018-05-15T10:35:54+08:00 ] ::1 /lhq/Public/select/js/jquery.jmpopups-0.5.1.js
ERR: 无法加载控制器:Public

[ 2018-05-15T10:36:00+08:00 ] ::1 /lhq/Public/select/js/jquery.jmpopups-0.5.1.js
ERR: 无法加载控制器:Public

[ 2018-05-15T10:36:23+08:00 ] ::1 /lhq/Public/select/js/jquery.jmpopups-0.5.1.js
ERR: 无法加载控制器:Public

[ 2018-05-15T10:36:26+08:00 ] ::1 /lhq/Public/select/js/jquery.jmpopups-0.5.1.js
ERR: 无法加载控制器:Public

[ 2018-05-15T10:36:26+08:00 ] ::1 /lhq/Public/select2/select2.css
ERR: 无法加载控制器:Public

[ 2018-05-15T10:36:26+08:00 ] ::1 /lhq/Public/select2/select2.min.js
ERR: 无法加载控制器:Public

[ 2018-05-15T10:39:47+08:00 ] ::1 /lhq/Public/select/js/jquery.jmpopups-0.5.1.js
ERR: 无法加载控制器:Public

[ 2018-05-15T10:59:49+08:00 ] ::1 /lhq/Public/select/js/jquery.jmpopups-0.5.1.js
ERR: 无法加载控制器:Public

[ 2018-05-15T10:59:54+08:00 ] ::1 /lhq/Public/select/js/jquery.jmpopups-0.5.1.js
ERR: 无法加载控制器:Public

[ 2018-05-15T11:00:14+08:00 ] ::1 /lhq/Public/select/js/jquery.jmpopups-0.5.1.js
ERR: 无法加载控制器:Public

[ 2018-05-15T11:00:20+08:00 ] ::1 /lhq/Public/select/js/jquery.jmpopups-0.5.1.js
ERR: 无法加载控制器:Public

[ 2018-05-15T11:00:38+08:00 ] ::1 /lhq/Public/select/js/jquery.jmpopups-0.5.1.js
ERR: 无法加载控制器:Public

[ 2018-05-15T11:00:44+08:00 ] ::1 /lhq/Public/select/js/jquery.jmpopups-0.5.1.js
ERR: 无法加载控制器:Public

[ 2018-05-15T11:01:01+08:00 ] ::1 /lhq/Public/select/js/jquery.jmpopups-0.5.1.js
ERR: 无法加载控制器:Public

[ 2018-05-15T11:01:07+08:00 ] ::1 /lhq/Public/select/js/jquery.jmpopups-0.5.1.js
ERR: 无法加载控制器:Public

[ 2018-05-15T11:01:29+08:00 ] ::1 /lhq/Public/select/js/jquery.jmpopups-0.5.1.js
ERR: 无法加载控制器:Public

[ 2018-05-15T11:01:33+08:00 ] ::1 /lhq/Public/select/js/jquery.jmpopups-0.5.1.js
ERR: 无法加载控制器:Public

[ 2018-05-15T11:17:27+08:00 ] ::1 /lhq/Public/select/js/jquery.jmpopups-0.5.1.js
ERR: 无法加载控制器:Public

[ 2018-05-15T11:17:44+08:00 ] ::1 /lhq/Public/select/js/jquery.jmpopups-0.5.1.js
ERR: 无法加载控制器:Public

[ 2018-05-15T13:34:58+08:00 ] ::1 /lhq/Public/select/js/jquery.jmpopups-0.5.1.js
ERR: 无法加载控制器:Public

[ 2018-05-15T13:35:41+08:00 ] ::1 /lhq/Public/select/js/jquery.jmpopups-0.5.1.js
ERR: 无法加载控制器:Public

[ 2018-05-15T13:40:15+08:00 ] ::1 /lhq/Public/select/js/jquery.jmpopups-0.5.1.js
ERR: 无法加载控制器:Public

[ 2018-05-15T13:41:45+08:00 ] ::1 /lhq/Public/select/js/jquery.jmpopups-0.5.1.js
ERR: 无法加载控制器:Public

[ 2018-05-15T13:45:13+08:00 ] ::1 /lhq/Public/select/js/jquery.jmpopups-0.5.1.js
ERR: 无法加载控制器:Public

[ 2018-05-15T13:45:14+08:00 ] ::1 /lhq/Public/select/js/jquery.jmpopups-0.5.1.js
ERR: 无法加载控制器:Public

[ 2018-05-15T13:46:49+08:00 ] ::1 /lhq/Public/select/js/jquery.jmpopups-0.5.1.js
ERR: 无法加载控制器:Public

[ 2018-05-15T13:50:45+08:00 ] ::1 /lhq/Public/select/js/jquery.jmpopups-0.5.1.js
ERR: 无法加载控制器:Public

[ 2018-05-15T13:51:26+08:00 ] ::1 /lhq/Public/select/js/jquery.jmpopups-0.5.1.js
ERR: 无法加载控制器:Public

[ 2018-05-15T13:51:34+08:00 ] ::1 /lhq/Public/select/js/jquery.jmpopups-0.5.1.js
ERR: 无法加载控制器:Public

[ 2018-05-15T14:30:34+08:00 ] ::1 /lhq/Public/select/js/jquery.jmpopups-0.5.1.js
ERR: 无法加载控制器:Public

[ 2018-05-15T14:31:08+08:00 ] ::1 /lhq/Public/select/js/jquery.jmpopups-0.5.1.js
ERR: 无法加载控制器:Public

[ 2018-05-15T14:31:38+08:00 ] ::1 /lhq/Public/select/js/jquery.jmpopups-0.5.1.js
ERR: 无法加载控制器:Public

[ 2018-05-15T14:43:19+08:00 ] ::1 /lhq/Public/select/js/jquery.jmpopups-0.5.1.js
ERR: 无法加载控制器:Public

[ 2018-05-15T14:43:57+08:00 ] ::1 /lhq/Public/select/js/jquery.jmpopups-0.5.1.js
ERR: 无法加载控制器:Public

[ 2018-05-15T14:44:21+08:00 ] ::1 /lhq/Public/select/js/jquery.jmpopups-0.5.1.js
ERR: 无法加载控制器:Public

[ 2018-05-15T14:44:22+08:00 ] ::1 /lhq/Public/select/js/jquery.jmpopups-0.5.1.js
ERR: 无法加载控制器:Public

[ 2018-05-15T14:45:05+08:00 ] ::1 /lhq/Public/select/js/jquery.jmpopups-0.5.1.js
ERR: 无法加载控制器:Public

[ 2018-05-15T14:45:45+08:00 ] ::1 /lhq/Public/select/js/jquery.jmpopups-0.5.1.js
ERR: 无法加载控制器:Public

[ 2018-05-15T14:46:10+08:00 ] ::1 /lhq/Public/select/js/jquery.jmpopups-0.5.1.js
ERR: 无法加载控制器:Public

[ 2018-05-15T14:46:11+08:00 ] ::1 /lhq/Public/select/js/jquery.jmpopups-0.5.1.js
ERR: 无法加载控制器:Public

[ 2018-05-15T14:47:24+08:00 ] ::1 /lhq/Public/select/js/jquery.jmpopups-0.5.1.js
ERR: 无法加载控制器:Public

[ 2018-05-15T14:51:50+08:00 ] ::1 /lhq/Public/select/js/jquery.jmpopups-0.5.1.js
ERR: 无法加载控制器:Public

[ 2018-05-15T14:53:03+08:00 ] ::1 /lhq/Public/select/js/jquery.jmpopups-0.5.1.js
ERR: 无法加载控制器:Public

[ 2018-05-15T14:53:36+08:00 ] ::1 /lhq/Public/select/js/jquery.jmpopups-0.5.1.js
ERR: 无法加载控制器:Public

[ 2018-05-15T14:57:12+08:00 ] ::1 /lhq/Public/select/js/jquery.jmpopups-0.5.1.js
ERR: 无法加载控制器:Public

[ 2018-05-15T14:57:13+08:00 ] ::1 /lhq/Public/select/js/jquery.jmpopups-0.5.1.js
ERR: 无法加载控制器:Public

[ 2018-05-15T14:57:58+08:00 ] ::1 /lhq/Public/select/js/jquery.jmpopups-0.5.1.js
ERR: 无法加载控制器:Public

[ 2018-05-15T14:58:21+08:00 ] ::1 /lhq/Public/select/js/jquery.jmpopups-0.5.1.js
ERR: 无法加载控制器:Public

[ 2018-05-15T14:58:22+08:00 ] ::1 /lhq/Public/select/js/jquery.jmpopups-0.5.1.js
ERR: 无法加载控制器:Public

[ 2018-05-15T14:58:36+08:00 ] ::1 /lhq/Public/select/js/jquery.jmpopups-0.5.1.js
ERR: 无法加载控制器:Public

[ 2018-05-15T15:01:49+08:00 ] ::1 /lhq/Public/select/js/jquery.jmpopups-0.5.1.js
ERR: 无法加载控制器:Public

[ 2018-05-15T15:03:22+08:00 ] ::1 /lhq/Public/select/js/jquery.jmpopups-0.5.1.js
ERR: 无法加载控制器:Public

[ 2018-05-15T15:10:09+08:00 ] ::1 /lhq/Public/select/js/jquery.jmpopups-0.5.1.js
ERR: 无法加载控制器:Public

[ 2018-05-15T15:13:20+08:00 ] ::1 /lhq/Public/select/js/jquery.jmpopups-0.5.1.js
ERR: 无法加载控制器:Public

[ 2018-05-15T15:14:02+08:00 ] ::1 /lhq/Public/select/js/jquery.jmpopups-0.5.1.js
ERR: 无法加载控制器:Public

[ 2018-05-15T15:15:17+08:00 ] ::1 /lhq/Public/select/js/jquery.jmpopups-0.5.1.js
ERR: 无法加载控制器:Public

[ 2018-05-15T15:16:26+08:00 ] ::1 /lhq/Public/select/js/jquery.jmpopups-0.5.1.js
ERR: 无法加载控制器:Public

[ 2018-05-15T15:17:16+08:00 ] ::1 /lhq/Public/select/js/jquery.jmpopups-0.5.1.js
ERR: 无法加载控制器:Public

[ 2018-05-15T15:19:01+08:00 ] ::1 /lhq/Public/select/js/jquery.jmpopups-0.5.1.js
ERR: 无法加载控制器:Public

[ 2018-05-15T15:20:09+08:00 ] ::1 /lhq/Public/select/js/jquery.jmpopups-0.5.1.js
ERR: 无法加载控制器:Public

[ 2018-05-15T15:20:58+08:00 ] ::1 /lhq/Public/select/js/jquery.jmpopups-0.5.1.js
ERR: 无法加载控制器:Public

[ 2018-05-15T15:22:11+08:00 ] ::1 /lhq/Public/select/js/jquery.jmpopups-0.5.1.js
ERR: 无法加载控制器:Public

[ 2018-05-15T15:22:22+08:00 ] ::1 /lhq/Public/select/js/jquery.jmpopups-0.5.1.js
ERR: 无法加载控制器:Public

[ 2018-05-15T15:22:26+08:00 ] ::1 /lhq/Public/select/js/jquery.jmpopups-0.5.1.js
ERR: 无法加载控制器:Public

[ 2018-05-15T15:22:51+08:00 ] ::1 /lhq/Public/select/js/jquery.jmpopups-0.5.1.js
ERR: 无法加载控制器:Public

[ 2018-05-15T15:22:54+08:00 ] ::1 /lhq/Public/select/js/jquery.jmpopups-0.5.1.js
ERR: 无法加载控制器:Public

[ 2018-05-15T15:32:04+08:00 ] ::1 /lhq/Apps/Backend/Controller/Mission
ERR: 无法加载控制器:Apps

[ 2018-05-15T15:34:01+08:00 ] ::1 /lhq/Public/select2/select2.css
ERR: 无法加载控制器:Public

[ 2018-05-15T15:34:30+08:00 ] ::1 /lhq/Public/select/js/jquery.jmpopups-0.5.1.js
ERR: 无法加载控制器:Public

[ 2018-05-15T15:34:31+08:00 ] ::1 /lhq/Public/select2/select2.min.js
ERR: 无法加载控制器:Public

[ 2018-05-15T15:36:45+08:00 ] ::1 /lhq/Public/select/js/jquery.jmpopups-0.5.1.js
ERR: 无法加载控制器:Public

[ 2018-05-15T15:38:45+08:00 ] ::1 /lhq/Public/select/js/jquery.jmpopups-0.5.1.js
ERR: 无法加载控制器:Public

[ 2018-05-15T15:41:45+08:00 ] ::1 /lhq/Public/select2/select2.min.js
ERR: 无法加载控制器:Public

[ 2018-05-15T15:41:45+08:00 ] ::1 /lhq/Public/select/js/jquery.jmpopups-0.5.1.js
ERR: 无法加载控制器:Public

[ 2018-05-15T15:41:46+08:00 ] ::1 /lhq/Public/select2/select2.css
ERR: 无法加载控制器:Public

[ 2018-05-15T15:41:46+08:00 ] ::1 /lhq/Public/select2/select2.min.js
ERR: 无法加载控制器:Public

[ 2018-05-15T15:41:49+08:00 ] ::1 /lhq/Public/select/js/jquery.jmpopups-0.5.1.js
ERR: 无法加载控制器:Public

[ 2018-05-15T15:41:53+08:00 ] ::1 /lhq/Public/select/js/jquery.jmpopups-0.5.1.js
ERR: 无法加载控制器:Public

[ 2018-05-15T15:42:06+08:00 ] ::1 /lhq/Public/select/js/jquery.jmpopups-0.5.1.js
ERR: 无法加载控制器:Public

[ 2018-05-15T15:43:49+08:00 ] ::1 /lhq/Public/select/js/jquery.jmpopups-0.5.1.js
ERR: 无法加载控制器:Public

[ 2018-05-15T15:44:09+08:00 ] ::1 /lhq/Public/select/js/jquery.jmpopups-0.5.1.js
ERR: 无法加载控制器:Public

[ 2018-05-15T15:48:54+08:00 ] ::1 /lhq/Public/select/js/jquery.jmpopups-0.5.1.js
ERR: 无法加载控制器:Public

[ 2018-05-15T15:49:01+08:00 ] ::1 /lhq/Public/select/js/jquery.jmpopups-0.5.1.js
ERR: 无法加载控制器:Public

[ 2018-05-15T15:49:11+08:00 ] ::1 /lhq/Public/select/js/jquery.jmpopups-0.5.1.js
ERR: 无法加载控制器:Public

[ 2018-05-15T15:49:16+08:00 ] ::1 /lhq/Public/select/js/jquery.jmpopups-0.5.1.js
ERR: 无法加载控制器:Public

[ 2018-05-15T16:43:48+08:00 ] ::1 /lhq/Public/select/js/jquery.jmpopups-0.5.1.js
ERR: 无法加载控制器:Public

[ 2018-05-15T16:44:14+08:00 ] ::1 /lhq/Public/select/js/jquery.jmpopups-0.5.1.js
ERR: 无法加载控制器:Public

[ 2018-05-15T16:44:17+08:00 ] ::1 /lhq/Public/select/js/jquery.jmpopups-0.5.1.js
ERR: 无法加载控制器:Public

[ 2018-05-15T16:44:23+08:00 ] ::1 /lhq/Public/select/js/jquery.jmpopups-0.5.1.js
ERR: 无法加载控制器:Public

[ 2018-05-15T17:06:44+08:00 ] ::1 /lhq/Public/select/js/jquery.jmpopups-0.5.1.js
ERR: 无法加载控制器:Public

[ 2018-05-15T17:06:57+08:00 ] ::1 /lhq/Public/select/js/jquery.jmpopups-0.5.1.js
ERR: 无法加载控制器:Public

[ 2018-05-15T17:07:04+08:00 ] ::1 /lhq/Public/select/js/jquery.jmpopups-0.5.1.js
ERR: 无法加载控制器:Public

[ 2018-05-15T17:07:07+08:00 ] ::1 /lhq/Public/select/js/jquery.jmpopups-0.5.1.js
ERR: 无法加载控制器:Public

[ 2018-05-15T18:23:07+08:00 ] ::1 /lhq/Public/select/js/jquery.jmpopups-0.5.1.js
ERR: 无法加载控制器:Public

[ 2018-05-15T18:23:14+08:00 ] ::1 /lhq/Public/select/js/jquery.jmpopups-0.5.1.js
ERR: 无法加载控制器:Public

[ 2018-05-15T18:23:19+08:00 ] ::1 /lhq/Public/select/js/jquery.jmpopups-0.5.1.js
ERR: 无法加载控制器:Public

[ 2018-05-15T18:23:29+08:00 ] ::1 /lhq/Public/select/js/jquery.jmpopups-0.5.1.js
ERR: 无法加载控制器:Public

[ 2018-05-15T18:41:29+08:00 ] ::1 /lhq/Public/select/js/jquery.jmpopups-0.5.1.js
ERR: 无法加载控制器:Public

[ 2018-05-15T18:41:33+08:00 ] ::1 /lhq/Public/select/js/jquery.jmpopups-0.5.1.js
ERR: 无法加载控制器:Public

[ 2018-05-15T18:50:06+08:00 ] ::1 /lhq/Public/select/js/jquery.jmpopups-0.5.1.js
ERR: 无法加载控制器:Public

[ 2018-05-15T18:50:10+08:00 ] ::1 /lhq/Public/select/js/jquery.jmpopups-0.5.1.js
ERR: 无法加载控制器:Public

[ 2018-05-15T18:55:21+08:00 ] ::1 /lhq/Public/select/js/jquery.jmpopups-0.5.1.js
ERR: 无法加载控制器:Public

[ 2018-05-15T18:55:40+08:00 ] ::1 /lhq/Public/select/js/jquery.jmpopups-0.5.1.js
ERR: 无法加载控制器:Public

[ 2018-05-15T18:55:43+08:00 ] ::1 /lhq/Public/select/js/jquery.jmpopups-0.5.1.js
ERR: 无法加载控制器:Public

[ 2018-05-15T18:56:13+08:00 ] ::1 /lhq/Public/select/js/jquery.jmpopups-0.5.1.js
ERR: 无法加载控制器:Public

[ 2018-05-15T18:56:17+08:00 ] ::1 /lhq/Public/select/js/jquery.jmpopups-0.5.1.js
ERR: 无法加载控制器:Public

[ 2018-05-15T18:57:27+08:00 ] ::1 /lhq/Public/select/js/jquery.jmpopups-0.5.1.js
ERR: 无法加载控制器:Public

[ 2018-05-15T18:58:20+08:00 ] ::1 /lhq/Public/select/js/jquery.jmpopups-0.5.1.js
ERR: 无法加载控制器:Public

[ 2018-05-15T18:59:00+08:00 ] ::1 /lhq/Public/select/js/jquery.jmpopups-0.5.1.js
ERR: 无法加载控制器:Public

[ 2018-05-15T19:02:30+08:00 ] ::1 /lhq/Public/select/js/jquery.jmpopups-0.5.1.js
ERR: 无法加载控制器:Public

[ 2018-05-15T19:02:44+08:00 ] ::1 /lhq/Public/select/js/jquery.jmpopups-0.5.1.js
ERR: 无法加载控制器:Public

[ 2018-05-15T19:03:12+08:00 ] ::1 /lhq/Public/select/js/jquery.jmpopups-0.5.1.js
ERR: 无法加载控制器:Public

[ 2018-05-15T19:03:33+08:00 ] ::1 /lhq/Public/select/js/jquery.jmpopups-0.5.1.js
ERR: 无法加载控制器:Public

[ 2018-05-15T19:03:51+08:00 ] ::1 /lhq/Public/select/js/jquery.jmpopups-0.5.1.js
ERR: 无法加载控制器:Public

[ 2018-05-15T19:03:53+08:00 ] ::1 /lhq/Public/select/js/jquery.jmpopups-0.5.1.js
ERR: 无法加载控制器:Public

[ 2018-05-15T19:03:55+08:00 ] ::1 /lhq/Public/select/js/jquery.jmpopups-0.5.1.js
ERR: 无法加载控制器:Public

[ 2018-05-15T19:03:58+08:00 ] ::1 /lhq/Public/select/js/jquery.jmpopups-0.5.1.js
ERR: 无法加载控制器:Public

[ 2018-05-15T19:04:20+08:00 ] ::1 /lhq/Public/select/js/jquery.jmpopups-0.5.1.js
ERR: 无法加载控制器:Public

[ 2018-05-15T19:04:37+08:00 ] ::1 /lhq/Public/select/js/jquery.jmpopups-0.5.1.js
ERR: 无法加载控制器:Public

[ 2018-05-15T19:04:39+08:00 ] ::1 /lhq/Public/select/js/jquery.jmpopups-0.5.1.js
ERR: 无法加载控制器:Public

[ 2018-05-15T19:04:39+08:00 ] ::1 /lhq/Public/select/js/jquery.jmpopups-0.5.1.js
ERR: 无法加载控制器:Public

[ 2018-05-15T19:04:40+08:00 ] ::1 /lhq/Public/select/js/jquery.jmpopups-0.5.1.js
ERR: 无法加载控制器:Public

[ 2018-05-15T19:04:42+08:00 ] ::1 /lhq/Public/select/js/jquery.jmpopups-0.5.1.js
ERR: 无法加载控制器:Public

[ 2018-05-15T19:04:43+08:00 ] ::1 /lhq/Public/select/js/jquery.jmpopups-0.5.1.js
ERR: 无法加载控制器:Public

[ 2018-05-15T19:06:14+08:00 ] ::1 /lhq/Public/select/js/jquery.jmpopups-0.5.1.js
ERR: 无法加载控制器:Public

[ 2018-05-15T19:07:27+08:00 ] ::1 /lhq/Public/select/js/jquery.jmpopups-0.5.1.js
ERR: 无法加载控制器:Public

[ 2018-05-15T19:12:16+08:00 ] ::1 /lhq/Public/select/js/jquery.jmpopups-0.5.1.js
ERR: 无法加载控制器:Public

[ 2018-05-15T19:12:50+08:00 ] ::1 /lhq/Public/select/js/jquery.jmpopups-0.5.1.js
ERR: 无法加载控制器:Public

[ 2018-05-15T19:13:27+08:00 ] ::1 /lhq/Public/select/js/jquery.jmpopups-0.5.1.js
ERR: 无法加载控制器:Public

[ 2018-05-15T19:15:02+08:00 ] ::1 /lhq/Public/select/js/jquery.jmpopups-0.5.1.js
ERR: 无法加载控制器:Public

[ 2018-05-15T19:15:29+08:00 ] ::1 /lhq/Public/select/js/jquery.jmpopups-0.5.1.js
ERR: 无法加载控制器:Public

[ 2018-05-15T19:19:41+08:00 ] ::1 /lhq/Public/select/js/jquery.jmpopups-0.5.1.js
ERR: 无法加载控制器:Public

[ 2018-05-15T19:19:48+08:00 ] ::1 /lhq/Public/select/js/jquery.jmpopups-0.5.1.js
ERR: 无法加载控制器:Public

[ 2018-05-15T19:19:53+08:00 ] ::1 /lhq/Public/select/js/jquery.jmpopups-0.5.1.js
ERR: 无法加载控制器:Public

[ 2018-05-15T19:24:54+08:00 ] ::1 /lhq/Public/select/js/jquery.jmpopups-0.5.1.js
ERR: 无法加载控制器:Public

[ 2018-05-15T19:25:12+08:00 ] ::1 /lhq/Public/select/js/jquery.jmpopups-0.5.1.js
ERR: 无法加载控制器:Public

[ 2018-05-15T19:25:15+08:00 ] ::1 /lhq/Public/select/js/jquery.jmpopups-0.5.1.js
ERR: 无法加载控制器:Public

[ 2018-05-15T19:29:23+08:00 ] ::1 /lhq/Public/select/js/jquery.jmpopups-0.5.1.js
ERR: 无法加载控制器:Public

