[ 2018-05-16T09:02:28+08:00 ] ::1 /lhq/Public/select/js/jquery.jmpopups-0.5.1.js
ERR: 无法加载控制器:Public

[ 2018-05-16T10:29:54+08:00 ] ::1 /lhq/
ERR: Cron:cron_1 Runat 2018-05-16 10:29:54 Use 0.001889 s

[ 2018-05-16T13:39:37+08:00 ] ::1 /lhq/Public/select/js/jquery.jmpopups-0.5.1.js
ERR: 无法加载控制器:Public

[ 2018-05-16T13:39:45+08:00 ] ::1 /lhq/Public/select/js/jquery.jmpopups-0.5.1.js
ERR: 无法加载控制器:Public

[ 2018-05-16T13:40:38+08:00 ] ::1 /lhq/Public/select/js/jquery.jmpopups-0.5.1.js
ERR: 无法加载控制器:Public

[ 2018-05-16T13:49:26+08:00 ] ::1 /lhq/Public/select/js/jquery.jmpopups-0.5.1.js
ERR: 无法加载控制器:Public

[ 2018-05-16T13:58:29+08:00 ] ::1 /lhq/Public/select/js/jquery.jmpopups-0.5.1.js
ERR: 无法加载控制器:Public

[ 2018-05-16T14:00:29+08:00 ] ::1 /lhq/Public/select/js/jquery.jmpopups-0.5.1.js
ERR: 无法加载控制器:Public

[ 2018-05-16T14:01:29+08:00 ] ::1 /lhq/Public/select/js/jquery.jmpopups-0.5.1.js
ERR: 无法加载控制器:Public

[ 2018-05-16T14:01:31+08:00 ] ::1 /lhq/Public/select/js/jquery.jmpopups-0.5.1.js
ERR: 无法加载控制器:Public

[ 2018-05-16T14:01:31+08:00 ] ::1 /lhq/Public/select2/select2.css
ERR: 无法加载控制器:Public

[ 2018-05-16T14:01:31+08:00 ] ::1 /lhq/Public/select2/select2.min.js
ERR: 无法加载控制器:Public

[ 2018-05-16T14:01:39+08:00 ] ::1 /lhq/Public/select/js/jquery.jmpopups-0.5.1.js
ERR: 无法加载控制器:Public

[ 2018-05-16T14:01:42+08:00 ] ::1 /lhq/Public/select/js/jquery.jmpopups-0.5.1.js
ERR: 无法加载控制器:Public

[ 2018-05-16T14:01:42+08:00 ] ::1 /lhq/Public/select2/select2.css
ERR: 无法加载控制器:Public

[ 2018-05-16T14:01:42+08:00 ] ::1 /lhq/Public/select2/select2.min.js
ERR: 无法加载控制器:Public

[ 2018-05-16T14:01:59+08:00 ] ::1 /lhq/ajax/drawingAjax.php
ERR: 无法加载控制器:Ajax

[ 2018-05-16T14:02:07+08:00 ] ::1 /lhq/Public/select/js/jquery.jmpopups-0.5.1.js
ERR: 无法加载控制器:Public

[ 2018-05-16T14:02:07+08:00 ] ::1 /lhq/Public/select2/select2.min.js
ERR: 无法加载控制器:Public

[ 2018-05-16T14:02:07+08:00 ] ::1 /lhq/Public/select2/select2.css
ERR: 无法加载控制器:Public

[ 2018-05-16T14:05:13+08:00 ] ::1 /lhq/Public/select/js/jquery.jmpopups-0.5.1.js
ERR: 无法加载控制器:Public

[ 2018-05-16T14:05:13+08:00 ] ::1 /lhq/Public/select2/select2.css
ERR: 无法加载控制器:Public

[ 2018-05-16T14:05:13+08:00 ] ::1 /lhq/Public/select2/select2.min.js
ERR: 无法加载控制器:Public

[ 2018-05-16T14:05:59+08:00 ] ::1 /lhq/Public/select/js/jquery.jmpopups-0.5.1.js
ERR: 无法加载控制器:Public

[ 2018-05-16T14:07:46+08:00 ] ::1 /lhq/Public/select2/select2.css
ERR: 无法加载控制器:Public

[ 2018-05-16T14:07:46+08:00 ] ::1 /lhq/Public/select2/select2.min.js
ERR: 无法加载控制器:Public

[ 2018-05-16T14:07:46+08:00 ] ::1 /lhq/Public/select/js/jquery.jmpopups-0.5.1.js
ERR: 无法加载控制器:Public

[ 2018-05-16T14:07:46+08:00 ] ::1 /lhq/Public/select2/select2.min.js
ERR: 无法加载控制器:Public

[ 2018-05-16T14:07:46+08:00 ] ::1 /lhq/Public/select2/select2.css
ERR: 无法加载控制器:Public

[ 2018-05-16T14:11:36+08:00 ] ::1 /lhq/Public/select2/select2.min.js
ERR: 无法加载控制器:Public

[ 2018-05-16T14:11:36+08:00 ] ::1 /lhq/Public/select2/select2.css
ERR: 无法加载控制器:Public

[ 2018-05-16T14:11:36+08:00 ] ::1 /lhq/Public/select/js/jquery.jmpopups-0.5.1.js
ERR: 无法加载控制器:Public

[ 2018-05-16T14:11:37+08:00 ] ::1 /lhq/Public/select2/select2.css
ERR: 无法加载控制器:Public

[ 2018-05-16T14:11:37+08:00 ] ::1 /lhq/Public/select2/select2.min.js
ERR: 无法加载控制器:Public

[ 2018-05-16T14:37:29+08:00 ] ::1 /lhq/Public/select/js/jquery.jmpopups-0.5.1.js
ERR: 无法加载控制器:Public

[ 2018-05-16T14:37:35+08:00 ] ::1 /lhq/Public/select/js/jquery.jmpopups-0.5.1.js
ERR: 无法加载控制器:Public

[ 2018-05-16T14:37:37+08:00 ] ::1 /lhq/Public/select/js/jquery.jmpopups-0.5.1.js
ERR: 无法加载控制器:Public

[ 2018-05-16T14:37:42+08:00 ] ::1 /lhq/Public/select/js/jquery.jmpopups-0.5.1.js
ERR: 无法加载控制器:Public

[ 2018-05-16T14:37:49+08:00 ] ::1 /lhq/Public/select/js/jquery.jmpopups-0.5.1.js
ERR: 无法加载控制器:Public

[ 2018-05-16T14:41:25+08:00 ] ::1 /lhq/Public/select/js/jquery.jmpopups-0.5.1.js
ERR: 无法加载控制器:Public

[ 2018-05-16T14:41:33+08:00 ] ::1 /lhq/Public/select/js/jquery.jmpopups-0.5.1.js
ERR: 无法加载控制器:Public

[ 2018-05-16T14:42:09+08:00 ] ::1 /lhq/Public/select/js/jquery.jmpopups-0.5.1.js
ERR: 无法加载控制器:Public

[ 2018-05-16T14:42:18+08:00 ] ::1 /lhq/Public/select/js/jquery.jmpopups-0.5.1.js
ERR: 无法加载控制器:Public

[ 2018-05-16T14:43:07+08:00 ] ::1 /lhq/Public/select/js/jquery.jmpopups-0.5.1.js
ERR: 无法加载控制器:Public

[ 2018-05-16T14:43:13+08:00 ] ::1 /lhq/Public/select/js/jquery.jmpopups-0.5.1.js
ERR: 无法加载控制器:Public

[ 2018-05-16T14:43:29+08:00 ] ::1 /lhq/Public/select/js/jquery.jmpopups-0.5.1.js
ERR: 无法加载控制器:Public

[ 2018-05-16T15:00:47+08:00 ] ::1 /lhq/Public/select/js/jquery.jmpopups-0.5.1.js
ERR: 无法加载控制器:Public

[ 2018-05-16T15:17:31+08:00 ] ::1 /lhq/Public/select/js/jquery.jmpopups-0.5.1.js
ERR: 无法加载控制器:Public

[ 2018-05-16T15:25:59+08:00 ] ::1 /lhq/Public/select/js/jquery.jmpopups-0.5.1.js
ERR: 无法加载控制器:Public

[ 2018-05-16T15:27:11+08:00 ] ::1 /lhq/Public/select/js/jquery.jmpopups-0.5.1.js
ERR: 无法加载控制器:Public

[ 2018-05-16T15:27:21+08:00 ] ::1 /lhq/Public/select/js/jquery.jmpopups-0.5.1.js
ERR: 无法加载控制器:Public

[ 2018-05-16T15:28:15+08:00 ] ::1 /lhq/Public/select/js/jquery.jmpopups-0.5.1.js
ERR: 无法加载控制器:Public

[ 2018-05-16T15:33:32+08:00 ] ::1 /lhq/Public/select/js/jquery.jmpopups-0.5.1.js
ERR: 无法加载控制器:Public

[ 2018-05-16T15:36:32+08:00 ] ::1 /lhq/Public/select/js/jquery.jmpopups-0.5.1.js
ERR: 无法加载控制器:Public

[ 2018-05-16T15:37:52+08:00 ] ::1 /lhq/Public/select/js/jquery.jmpopups-0.5.1.js
ERR: 无法加载控制器:Public

[ 2018-05-16T15:38:53+08:00 ] ::1 /lhq/Public/select/js/jquery.jmpopups-0.5.1.js
ERR: 无法加载控制器:Public

[ 2018-05-16T15:39:01+08:00 ] ::1 /lhq/Public/select/js/jquery.jmpopups-0.5.1.js
ERR: 无法加载控制器:Public

[ 2018-05-16T15:41:30+08:00 ] ::1 /lhq/Public/select/js/jquery.jmpopups-0.5.1.js
ERR: 无法加载控制器:Public

[ 2018-05-16T15:41:43+08:00 ] ::1 /lhq/Public/select/js/jquery.jmpopups-0.5.1.js
ERR: 无法加载控制器:Public

[ 2018-05-16T15:41:56+08:00 ] ::1 /lhq/Public/select/js/jquery.jmpopups-0.5.1.js
ERR: 无法加载控制器:Public

[ 2018-05-16T15:42:14+08:00 ] ::1 /lhq/Public/select/js/jquery.jmpopups-0.5.1.js
ERR: 无法加载控制器:Public

[ 2018-05-16T15:44:08+08:00 ] ::1 /lhq/Public/select/js/jquery.jmpopups-0.5.1.js
ERR: 无法加载控制器:Public

[ 2018-05-16T15:44:33+08:00 ] ::1 /lhq/Public/select/js/jquery.jmpopups-0.5.1.js
ERR: 无法加载控制器:Public

[ 2018-05-16T15:44:41+08:00 ] ::1 /lhq/Public/select/js/jquery.jmpopups-0.5.1.js
ERR: 无法加载控制器:Public

[ 2018-05-16T16:03:51+08:00 ] ::1 /lhq/Public/select/js/jquery.jmpopups-0.5.1.js
ERR: 无法加载控制器:Public

[ 2018-05-16T16:04:36+08:00 ] ::1 /lhq/Public/select/js/jquery.jmpopups-0.5.1.js
ERR: 无法加载控制器:Public

[ 2018-05-16T16:05:58+08:00 ] ::1 /lhq/Public/select/js/jquery.jmpopups-0.5.1.js
ERR: 无法加载控制器:Public

[ 2018-05-16T16:06:22+08:00 ] ::1 /lhq/Public/select/js/jquery.jmpopups-0.5.1.js
ERR: 无法加载控制器:Public

[ 2018-05-16T16:12:31+08:00 ] ::1 /lhq/Public/select/js/jquery.jmpopups-0.5.1.js
ERR: 无法加载控制器:Public

[ 2018-05-16T16:12:41+08:00 ] ::1 /lhq/Public/select/js/jquery.jmpopups-0.5.1.js
ERR: 无法加载控制器:Public

[ 2018-05-16T16:12:57+08:00 ] ::1 /lhq/Public/select/js/jquery.jmpopups-0.5.1.js
ERR: 无法加载控制器:Public

[ 2018-05-16T16:13:49+08:00 ] ::1 /lhq/Public/select/js/jquery.jmpopups-0.5.1.js
ERR: 无法加载控制器:Public

[ 2018-05-16T16:13:59+08:00 ] ::1 /lhq/Public/select/js/jquery.jmpopups-0.5.1.js
ERR: 无法加载控制器:Public

[ 2018-05-16T16:14:34+08:00 ] ::1 /lhq/Public/select/js/jquery.jmpopups-0.5.1.js
ERR: 无法加载控制器:Public

[ 2018-05-16T16:20:25+08:00 ] ::1 /lhq/Public/select/js/jquery.jmpopups-0.5.1.js
ERR: 无法加载控制器:Public

[ 2018-05-16T16:20:30+08:00 ] ::1 /lhq/Public/select/js/jquery.jmpopups-0.5.1.js
ERR: 无法加载控制器:Public

[ 2018-05-16T16:20:32+08:00 ] ::1 /lhq/Public/select/js/jquery.jmpopups-0.5.1.js
ERR: 无法加载控制器:Public

[ 2018-05-16T16:20:44+08:00 ] ::1 /lhq/Public/select/js/jquery.jmpopups-0.5.1.js
ERR: 无法加载控制器:Public

[ 2018-05-16T16:21:14+08:00 ] ::1 /lhq/Public/select/js/jquery.jmpopups-0.5.1.js
ERR: 无法加载控制器:Public

[ 2018-05-16T16:22:40+08:00 ] ::1 /lhq/Public/select/js/jquery.jmpopups-0.5.1.js
ERR: 无法加载控制器:Public

[ 2018-05-16T16:23:12+08:00 ] ::1 /lhq/Public/select/js/jquery.jmpopups-0.5.1.js
ERR: 无法加载控制器:Public

[ 2018-05-16T16:23:42+08:00 ] ::1 /lhq/Public/select/js/jquery.jmpopups-0.5.1.js
ERR: 无法加载控制器:Public

[ 2018-05-16T16:24:22+08:00 ] ::1 /lhq/Public/select/js/jquery.jmpopups-0.5.1.js
ERR: 无法加载控制器:Public

[ 2018-05-16T16:25:56+08:00 ] ::1 /lhq/Public/select/js/jquery.jmpopups-0.5.1.js
ERR: 无法加载控制器:Public

[ 2018-05-16T16:32:16+08:00 ] ::1 /lhq/Public/select/js/jquery.jmpopups-0.5.1.js
ERR: 无法加载控制器:Public

[ 2018-05-16T16:32:20+08:00 ] ::1 /lhq/Public/select/js/jquery.jmpopups-0.5.1.js
ERR: 无法加载控制器:Public

[ 2018-05-16T16:32:32+08:00 ] ::1 /lhq/Public/select/js/jquery.jmpopups-0.5.1.js
ERR: 无法加载控制器:Public

[ 2018-05-16T16:33:16+08:00 ] ::1 /lhq/Public/select/js/jquery.jmpopups-0.5.1.js
ERR: 无法加载控制器:Public

[ 2018-05-16T16:33:25+08:00 ] ::1 /lhq/Public/select/js/jquery.jmpopups-0.5.1.js
ERR: 无法加载控制器:Public

[ 2018-05-16T16:34:11+08:00 ] ::1 /lhq/Public/select/js/jquery.jmpopups-0.5.1.js
ERR: 无法加载控制器:Public

[ 2018-05-16T16:34:19+08:00 ] ::1 /lhq/Public/select/js/jquery.jmpopups-0.5.1.js
ERR: 无法加载控制器:Public

[ 2018-05-16T16:38:10+08:00 ] ::1 /lhq/Public/select/js/jquery.jmpopups-0.5.1.js
ERR: 无法加载控制器:Public

[ 2018-05-16T16:38:36+08:00 ] ::1 /lhq/Public/select/js/jquery.jmpopups-0.5.1.js
ERR: 无法加载控制器:Public

[ 2018-05-16T16:38:36+08:00 ] ::1 /lhq/Public/select/js/jquery.jmpopups-0.5.1.js
ERR: 无法加载控制器:Public

[ 2018-05-16T16:39:19+08:00 ] ::1 /lhq/Public/select/js/jquery.jmpopups-0.5.1.js
ERR: 无法加载控制器:Public

[ 2018-05-16T16:39:39+08:00 ] ::1 /lhq/Public/select/js/jquery.jmpopups-0.5.1.js
ERR: 无法加载控制器:Public

[ 2018-05-16T16:39:53+08:00 ] ::1 /lhq/Public/select/js/jquery.jmpopups-0.5.1.js
ERR: 无法加载控制器:Public

[ 2018-05-16T16:41:47+08:00 ] ::1 /lhq/Public/select/js/jquery.jmpopups-0.5.1.js
ERR: 无法加载控制器:Public

[ 2018-05-16T16:41:57+08:00 ] ::1 /lhq/Public/select/js/jquery.jmpopups-0.5.1.js
ERR: 无法加载控制器:Public

[ 2018-05-16T16:42:19+08:00 ] ::1 /lhq/Public/select/js/jquery.jmpopups-0.5.1.js
ERR: 无法加载控制器:Public

[ 2018-05-16T16:42:31+08:00 ] ::1 /lhq/Public/select/js/jquery.jmpopups-0.5.1.js
ERR: 无法加载控制器:Public

[ 2018-05-16T16:42:38+08:00 ] ::1 /lhq/Public/select/js/jquery.jmpopups-0.5.1.js
ERR: 无法加载控制器:Public

[ 2018-05-16T16:43:09+08:00 ] ::1 /lhq/Public/select/js/jquery.jmpopups-0.5.1.js
ERR: 无法加载控制器:Public

[ 2018-05-16T16:43:42+08:00 ] ::1 /lhq/Public/select/js/jquery.jmpopups-0.5.1.js
ERR: 无法加载控制器:Public

[ 2018-05-16T16:44:04+08:00 ] ::1 /lhq/Public/select/js/jquery.jmpopups-0.5.1.js
ERR: 无法加载控制器:Public

[ 2018-05-16T16:44:34+08:00 ] ::1 /lhq/Public/select/js/jquery.jmpopups-0.5.1.js
ERR: 无法加载控制器:Public

[ 2018-05-16T16:45:55+08:00 ] ::1 /lhq/Public/select/js/jquery.jmpopups-0.5.1.js
ERR: 无法加载控制器:Public

[ 2018-05-16T16:46:06+08:00 ] ::1 /lhq/Public/select/js/jquery.jmpopups-0.5.1.js
ERR: 无法加载控制器:Public

[ 2018-05-16T18:59:45+08:00 ] ::1 /lhq/Public/select/js/jquery.jmpopups-0.5.1.js
ERR: 无法加载控制器:Public

[ 2018-05-16T19:09:37+08:00 ] ::1 /lhq/Public/select/js/jquery.jmpopups-0.5.1.js
ERR: 无法加载控制器:Public

[ 2018-05-16T19:26:51+08:00 ] ::1 /lhq/Public/select/js/jquery.jmpopups-0.5.1.js
ERR: 无法加载控制器:Public

[ 2018-05-16T19:27:15+08:00 ] ::1 /lhq/Public/select/js/jquery.jmpopups-0.5.1.js
ERR: 无法加载控制器:Public

[ 2018-05-16T19:28:38+08:00 ] ::1 /lhq/Public/select/js/jquery.jmpopups-0.5.1.js
ERR: 无法加载控制器:Public

[ 2018-05-16T19:31:35+08:00 ] ::1 /lhq/Public/select/js/jquery.jmpopups-0.5.1.js
ERR: 无法加载控制器:Public

[ 2018-05-16T19:32:04+08:00 ] ::1 /lhq/Public/select/js/jquery.jmpopups-0.5.1.js
ERR: 无法加载控制器:Public

[ 2018-05-16T19:32:16+08:00 ] ::1 /lhq/Public/select/js/jquery.jmpopups-0.5.1.js
ERR: 无法加载控制器:Public

[ 2018-05-16T19:32:23+08:00 ] ::1 /lhq/Public/select/js/jquery.jmpopups-0.5.1.js
ERR: 无法加载控制器:Public

[ 2018-05-16T19:32:32+08:00 ] ::1 /lhq/Public/select/js/jquery.jmpopups-0.5.1.js
ERR: 无法加载控制器:Public

[ 2018-05-16T19:45:19+08:00 ] ::1 /lhq/Public/select/js/jquery.jmpopups-0.5.1.js
ERR: 无法加载控制器:Public

[ 2018-05-16T19:45:27+08:00 ] ::1 /lhq/Public/select/js/jquery.jmpopups-0.5.1.js
ERR: 无法加载控制器:Public

[ 2018-05-16T19:47:31+08:00 ] ::1 /lhq/Public/select/js/jquery.jmpopups-0.5.1.js
ERR: 无法加载控制器:Public

[ 2018-05-16T19:48:17+08:00 ] ::1 /lhq/Public/select/js/jquery.jmpopups-0.5.1.js
ERR: 无法加载控制器:Public

[ 2018-05-16T19:48:54+08:00 ] ::1 /lhq/Public/select/js/jquery.jmpopups-0.5.1.js
ERR: 无法加载控制器:Public

[ 2018-05-16T19:50:48+08:00 ] ::1 /lhq/Public/select/js/jquery.jmpopups-0.5.1.js
ERR: 无法加载控制器:Public

[ 2018-05-16T19:54:04+08:00 ] ::1 /lhq/Public/select/js/jquery.jmpopups-0.5.1.js
ERR: 无法加载控制器:Public

[ 2018-05-16T20:00:52+08:00 ] ::1 /lhq/Public/select/js/jquery.jmpopups-0.5.1.js
ERR: 无法加载控制器:Public

