[ 2018-05-18T10:45:04+08:00 ] ::1 /lhq/Public/select/js/jquery.jmpopups-0.5.1.js
ERR: 无法加载控制器:Public

[ 2018-05-18T10:45:10+08:00 ] ::1 /lhq/Public/select/js/jquery.jmpopups-0.5.1.js
ERR: 无法加载控制器:Public

[ 2018-05-18T10:46:25+08:00 ] ::1 /lhq/Public/select/js/jquery.jmpopups-0.5.1.js
ERR: 无法加载控制器:Public

[ 2018-05-18T10:49:05+08:00 ] ::1 /lhq/Public/select/js/jquery.jmpopups-0.5.1.js
ERR: 无法加载控制器:Public

[ 2018-05-18T10:50:38+08:00 ] ::1 /lhq/Public/select/js/jquery.jmpopups-0.5.1.js
ERR: 无法加载控制器:Public

[ 2018-05-18T10:53:31+08:00 ] ::1 /lhq/Public/select/js/jquery.jmpopups-0.5.1.js
ERR: 无法加载控制器:Public

[ 2018-05-18T10:53:44+08:00 ] ::1 /lhq/Public/select/js/jquery.jmpopups-0.5.1.js
ERR: 无法加载控制器:Public

[ 2018-05-18T10:53:56+08:00 ] ::1 /lhq/Public/select/js/jquery.jmpopups-0.5.1.js
ERR: 无法加载控制器:Public

[ 2018-05-18T10:54:01+08:00 ] ::1 /lhq/Public/select/js/jquery.jmpopups-0.5.1.js
ERR: 无法加载控制器:Public

[ 2018-05-18T10:54:30+08:00 ] ::1 /lhq/Public/select/js/jquery.jmpopups-0.5.1.js
ERR: 无法加载控制器:Public

[ 2018-05-18T10:54:39+08:00 ] ::1 /lhq/Public/select/js/jquery.jmpopups-0.5.1.js
ERR: 无法加载控制器:Public

[ 2018-05-18T10:54:56+08:00 ] ::1 /lhq/Public/select/js/jquery.jmpopups-0.5.1.js
ERR: 无法加载控制器:Public

[ 2018-05-18T10:55:04+08:00 ] ::1 /lhq/Public/select/js/jquery.jmpopups-0.5.1.js
ERR: 无法加载控制器:Public

[ 2018-05-18T10:55:13+08:00 ] ::1 /lhq/Public/select/js/jquery.jmpopups-0.5.1.js
ERR: 无法加载控制器:Public

[ 2018-05-18T10:55:33+08:00 ] ::1 /lhq/Public/select/js/jquery.jmpopups-0.5.1.js
ERR: 无法加载控制器:Public

[ 2018-05-18T10:55:41+08:00 ] ::1 /lhq/Public/select/js/jquery.jmpopups-0.5.1.js
ERR: 无法加载控制器:Public

[ 2018-05-18T10:55:49+08:00 ] ::1 /lhq/Public/select/js/jquery.jmpopups-0.5.1.js
ERR: 无法加载控制器:Public

[ 2018-05-18T11:00:34+08:00 ] ::1 /lhq/Public/select/js/jquery.jmpopups-0.5.1.js
ERR: 无法加载控制器:Public

[ 2018-05-18T11:00:46+08:00 ] ::1 /lhq/Public/select/js/jquery.jmpopups-0.5.1.js
ERR: 无法加载控制器:Public

[ 2018-05-18T11:00:55+08:00 ] ::1 /lhq/Public/select/js/jquery.jmpopups-0.5.1.js
ERR: 无法加载控制器:Public

[ 2018-05-18T11:01:14+08:00 ] ::1 /lhq/Public/select/js/jquery.jmpopups-0.5.1.js
ERR: 无法加载控制器:Public

[ 2018-05-18T15:08:34+08:00 ] ::1 /lhq/apiReportActiveMobileApi?mac=02:00:00:00:00:00&msid=174&mid=100025
ERR: 无法加载控制器:ApiReportActiveMobileApi

[ 2018-05-18T17:01:40+08:00 ] ::1 /lhq/Mbackend
ERR: 无法加载控制器:Mbackend

[ 2018-05-18T17:01:48+08:00 ] ::1 /lhq/Public/select/js/jquery.jmpopups-0.5.1.js
ERR: 无法加载控制器:Public

[ 2018-05-18T17:01:54+08:00 ] ::1 /lhq/Public/select/js/jquery.jmpopups-0.5.1.js
ERR: 无法加载控制器:Public

[ 2018-05-18T17:01:56+08:00 ] ::1 /lhq/Public/select/js/jquery.jmpopups-0.5.1.js
ERR: 无法加载控制器:Public

[ 2018-05-18T18:08:25+08:00 ] ::1 /lhq/Public/select/js/jquery.jmpopups-0.5.1.js
ERR: 无法加载控制器:Public

[ 2018-05-18T18:27:23+08:00 ] ::1 /lhq/Public/select/js/jquery.jmpopups-0.5.1.js
ERR: 无法加载控制器:Public

[ 2018-05-18T18:27:26+08:00 ] ::1 /lhq/Public/select/js/jquery.jmpopups-0.5.1.js
ERR: 无法加载控制器:Public

[ 2018-05-18T18:28:08+08:00 ] ::1 /lhq/Public/select/js/jquery.jmpopups-0.5.1.js
ERR: 无法加载控制器:Public

[ 2018-05-18T18:32:40+08:00 ] ::1 /lhq/Public/select/js/jquery.jmpopups-0.5.1.js
ERR: 无法加载控制器:Public

[ 2018-05-18T18:33:03+08:00 ] ::1 /lhq/Public/select/js/jquery.jmpopups-0.5.1.js
ERR: 无法加载控制器:Public

[ 2018-05-18T18:33:40+08:00 ] ::1 /lhq/Public/select/js/jquery.jmpopups-0.5.1.js
ERR: 无法加载控制器:Public

[ 2018-05-18T18:33:49+08:00 ] ::1 /lhq/Public/select/js/jquery.jmpopups-0.5.1.js
ERR: 无法加载控制器:Public

[ 2018-05-18T18:34:23+08:00 ] ::1 /lhq/Public/select/js/jquery.jmpopups-0.5.1.js
ERR: 无法加载控制器:Public

[ 2018-05-18T18:34:37+08:00 ] ::1 /lhq/Public/select/js/jquery.jmpopups-0.5.1.js
ERR: 无法加载控制器:Public

[ 2018-05-18T18:34:57+08:00 ] ::1 /lhq/Public/select/js/jquery.jmpopups-0.5.1.js
ERR: 无法加载控制器:Public

[ 2018-05-18T18:35:14+08:00 ] ::1 /lhq/Public/select/js/jquery.jmpopups-0.5.1.js
ERR: 无法加载控制器:Public

[ 2018-05-18T18:35:34+08:00 ] ::1 /lhq/Public/select/js/jquery.jmpopups-0.5.1.js
ERR: 无法加载控制器:Public

[ 2018-05-18T18:36:18+08:00 ] ::1 /lhq/Public/select/js/jquery.jmpopups-0.5.1.js
ERR: 无法加载控制器:Public

[ 2018-05-18T18:36:43+08:00 ] ::1 /lhq/Public/select/js/jquery.jmpopups-0.5.1.js
ERR: 无法加载控制器:Public

[ 2018-05-18T18:36:43+08:00 ] ::1 /lhq/Public/select/js/jquery.jmpopups-0.5.1.js
ERR: 无法加载控制器:Public

[ 2018-05-18T18:37:06+08:00 ] ::1 /lhq/Public/select/js/jquery.jmpopups-0.5.1.js
ERR: 无法加载控制器:Public

[ 2018-05-18T18:37:06+08:00 ] ::1 /lhq/Public/select/js/jquery.jmpopups-0.5.1.js
ERR: 无法加载控制器:Public

[ 2018-05-18T18:37:12+08:00 ] ::1 /lhq/Public/select/js/jquery.jmpopups-0.5.1.js
ERR: 无法加载控制器:Public

[ 2018-05-18T18:38:03+08:00 ] ::1 /lhq/Public/select/js/jquery.jmpopups-0.5.1.js
ERR: 无法加载控制器:Public

[ 2018-05-18T18:39:03+08:00 ] ::1 /lhq/Public/select/js/jquery.jmpopups-0.5.1.js
ERR: 无法加载控制器:Public

[ 2018-05-18T18:39:07+08:00 ] ::1 /lhq/Public/select/js/jquery.jmpopups-0.5.1.js
ERR: 无法加载控制器:Public

[ 2018-05-18T18:40:30+08:00 ] ::1 /lhq/Public/select/js/jquery.jmpopups-0.5.1.js
ERR: 无法加载控制器:Public

[ 2018-05-18T18:41:13+08:00 ] ::1 /lhq/Public/select/js/jquery.jmpopups-0.5.1.js
ERR: 无法加载控制器:Public

[ 2018-05-18T18:43:12+08:00 ] ::1 /lhq/Public/select/js/jquery.jmpopups-0.5.1.js
ERR: 无法加载控制器:Public

