[ 2018-05-22T10:43:19+08:00 ] ::1 /lhq/Backend/Mission/mission
ERR: Cron:cron_1 Runat 2018-05-22 10:43:19 Use 0.003284 s

[ 2018-05-22T10:43:25+08:00 ] ::1 /lhq/backend/mission/missionadd
ERR: Cron:cron_1 Runat 2018-05-22 10:43:25 Use 0.003698 s

[ 2018-05-22T10:44:31+08:00 ] ::1 /lhq/backend/mission/mission
ERR: Cron:cron_1 Runat 2018-05-22 10:44:31 Use 0.004774 s

[ 2018-05-22T10:44:54+08:00 ] ::1 /lhq/backend/mission/missionmodify/mission_id/175
ERR: Cron:cron_1 Runat 2018-05-22 10:44:54 Use 0.004797 s

[ 2018-05-22T10:45:33+08:00 ] ::1 /lhq/backend/mission/mission
ERR: Cron:cron_1 Runat 2018-05-22 10:45:33 Use 0.002732 s

[ 2018-05-22T10:45:35+08:00 ] ::1 /lhq/backend/mission/missionmodify/mission_id/175
ERR: Cron:cron_1 Runat 2018-05-22 10:45:35 Use 0.005140 s

[ 2018-05-22T10:49:24+08:00 ] ::1 /lhq/backend/mission/mission
ERR: Cron:cron_1 Runat 2018-05-22 10:49:24 Use 0.003333 s

[ 2018-05-22T10:49:26+08:00 ] ::1 /lhq/backend/mission/missionadd
ERR: Cron:cron_1 Runat 2018-05-22 10:49:26 Use 0.004431 s

[ 2018-05-22T10:50:02+08:00 ] ::1 /lhq/backend/mission/mission
ERR: Cron:cron_1 Runat 2018-05-22 10:50:02 Use 0.003171 s

[ 2018-05-22T10:50:52+08:00 ] ::1 /lhq/backend/mission/missionmodify/mission_id/176
ERR: Cron:cron_1 Runat 2018-05-22 10:50:52 Use 0.003341 s

[ 2018-05-22T10:52:40+08:00 ] ::1 /lhq/backend/mission/mission
ERR: Cron:cron_1 Runat 2018-05-22 10:52:40 Use 0.003037 s

[ 2018-05-22T10:52:55+08:00 ] ::1 /lhq/backend/mission/missionmodify/mission_id/176
ERR: Cron:cron_1 Runat 2018-05-22 10:52:55 Use 0.003235 s

[ 2018-05-22T10:53:18+08:00 ] ::1 /lhq/backend/mission/mission
ERR: Cron:cron_1 Runat 2018-05-22 10:53:18 Use 0.003830 s

[ 2018-05-22T11:03:35+08:00 ] ::1 /lhq/backend/Log/providerCallbackLog
ERR: Cron:cron_1 Runat 2018-05-22 11:03:35 Use 0.004292 s

