[ 2018-05-18T09:25:14+08:00 ] ::1 /lhq/Mobile/Index/index/member_id/100018
ERR: Cron:cron_1 Runat 2018-05-18 09:25:14 Use 0.055984 s

[ 2018-05-18T09:25:22+08:00 ] ::1 /lhq/Mobile/Task/task/member_id/100018
ERR: Cron:cron_1 Runat 2018-05-18 09:25:22 Use 0.003477 s

[ 2018-05-18T09:25:27+08:00 ] ::1 /lhq/Mobile/Index/index
ERR: Cron:cron_1 Runat 2018-05-18 09:25:27 Use 0.003636 s

[ 2018-05-18T11:03:04+08:00 ] ::1 /lhq/mobile/?member_id=0
ERR: Cron:cron_1 Runat 2018-05-18 11:03:04 Use 0.002358 s

[ 2018-05-18T11:03:06+08:00 ] ::1 /lhq/Mobile/Task/task/member_id/0
ERR: Cron:cron_1 Runat 2018-05-18 11:03:06 Use 0.003555 s

[ 2018-05-18T11:03:55+08:00 ] ::1 /lhq/Mobile/Task/task/member_id/0
ERR: Cron:cron_1 Runat 2018-05-18 11:03:55 Use 0.002647 s

[ 2018-05-18T11:03:58+08:00 ] ::1 /lhq/Mobile/Task/task/member_id/0
ERR: Cron:cron_1 Runat 2018-05-18 11:03:58 Use 0.003147 s

[ 2018-05-18T11:04:16+08:00 ] ::1 /lhq/Mobile/Task/task/member_id/0
ERR: Cron:cron_1 Runat 2018-05-18 11:04:16 Use 0.002792 s

[ 2018-05-18T11:04:19+08:00 ] ::1 /lhq/Mobile/Index/index
ERR: Cron:cron_1 Runat 2018-05-18 11:04:19 Use 0.004290 s

[ 2018-05-18T11:04:22+08:00 ] ::1 /lhq/Mobile/Task/task
ERR: Cron:cron_1 Runat 2018-05-18 11:04:22 Use 0.003688 s

[ 2018-05-18T11:04:56+08:00 ] ::1 /lhq/Mobile/Task/task
ERR: Cron:cron_1 Runat 2018-05-18 11:04:56 Use 0.002968 s

[ 2018-05-18T11:05:01+08:00 ] ::1 /lhq/Mobile/Index/index
ERR: Cron:cron_1 Runat 2018-05-18 11:05:01 Use 0.002341 s

[ 2018-05-18T11:05:06+08:00 ] ::1 /lhq/Mobile/Invite/invite
ERR: Cron:cron_1 Runat 2018-05-18 11:05:06 Use 0.002782 s

[ 2018-05-18T11:05:11+08:00 ] ::1 /lhq/Mobile/Message/message
ERR: 1054:Unknown column 'm_type' in 'where clause'
 [ SQL语句 ] : SELECT a.*,m.member_id,m.status FROM message a left join msg_log m on a.message_id=m.message_id  WHERE (  ( `msg_to` = '' OR `msg_to` = 0 ) OR (  m.member_id = '' AND a.msg_to = '-1' ) ) AND a.create_time < '2018-05-18 11:05:10' AND a.display = 1 AND ( `m_type` = 3 OR `m_type` = 4 OR `m_type` = 5 OR `m_type` = 6 OR `m_type` = 7 ) GROUP BY a.message_id ORDER BY a.message_id desc 

[ 2018-05-18T11:11:31+08:00 ] ::1 /lhq/Mobile/My/bindmobile/member_id/100025?XDEBUG_SESSION_START=13571
ERR: Cron:cron_1 Runat 2018-05-18 11:11:31 Use 0.002212 s

[ 2018-05-18T11:15:46+08:00 ] ::1 /lhq/Mobile/My/bindmobile/member_id/100025?XDEBUG_SESSION_START=15754
ERR: Cron:cron_1 Runat 2018-05-18 11:15:46 Use 0.004704 s

[ 2018-05-18T11:17:47+08:00 ] ::1 /lhq/Mobile/My/sendvercode
INFO: [ app_begin ] --START--
INFO: Run Behavior\ReadHtmlCacheBehavior [ RunTime:0.001732s ]
INFO: [ app_begin ] --END-- [ RunTime:0.004929s ]
NOTIC: [8] A session had already been started - ignoring session_start() D:\wamp64\www\lhq\Apps\Mobile\Controller\MyController.class.php 第 91 行.

[ 2018-05-18T11:19:32+08:00 ] ::1 /lhq/Mobile/My/sendvercode
INFO: [ app_begin ] --START--
INFO: Run Behavior\ReadHtmlCacheBehavior [ RunTime:0.001119s ]
INFO: [ app_begin ] --END-- [ RunTime:0.003477s ]
NOTIC: [8] A session had already been started - ignoring session_start() D:\wamp64\www\lhq\Apps\Mobile\Controller\MyController.class.php 第 91 行.

[ 2018-05-18T11:21:05+08:00 ] ::1 /lhq/Mobile/My/bindmobile/member_id/100025
ERR: Cron:cron_1 Runat 2018-05-18 11:21:05 Use 0.002849 s

[ 2018-05-18T11:25:24+08:00 ] ::1 /lhq/Mobile/My/sendvercode
INFO: [ app_begin ] --START--
INFO: Run Behavior\ReadHtmlCacheBehavior [ RunTime:0.001475s ]
INFO: [ app_begin ] --END-- [ RunTime:0.004100s ]
NOTIC: [8] A session had already been started - ignoring session_start() D:\wamp64\www\lhq\Apps\Mobile\Controller\MyController.class.php 第 91 行.

[ 2018-05-18T11:25:42+08:00 ] ::1 /lhq/Mobile/My/bindmobile/member_id/100025
ERR: Cron:cron_1 Runat 2018-05-18 11:25:42 Use 0.002535 s

[ 2018-05-18T11:27:06+08:00 ] ::1 /lhq/Mobile/My/my/member_id/100025
ERR: Cron:cron_1 Runat 2018-05-18 11:27:06 Use 0.002871 s

[ 2018-05-18T11:27:10+08:00 ] ::1 /lhq/Mobile/Index/index/member_id/100025
ERR: Cron:cron_1 Runat 2018-05-18 11:27:10 Use 0.005845 s

[ 2018-05-18T11:27:14+08:00 ] ::1 /lhq/Mobile/Task/task/member_id/100025
ERR: Cron:cron_1 Runat 2018-05-18 11:27:14 Use 0.002467 s

[ 2018-05-18T11:27:36+08:00 ] ::1 /lhq/Mobile/Task/task/member_id/100025
ERR: Cron:cron_1 Runat 2018-05-18 11:27:36 Use 0.003704 s

[ 2018-05-18T11:35:29+08:00 ] ::1 /lhq/Mobile/task/task?XDEBUG_SESSION_START=11185
ERR: Cron:cron_1 Runat 2018-05-18 11:35:29 Use 0.002522 s

[ 2018-05-18T11:35:55+08:00 ] ::1 /lhq/Mobile/task/task?XDEBUG_SESSION_START=10943
ERR: Cron:cron_1 Runat 2018-05-18 11:35:55 Use 0.002892 s

[ 2018-05-18T11:36:22+08:00 ] ::1 /lhq/Mobile/task/task/member_id/100025?XDEBUG_SESSION_START=19136
ERR: Cron:cron_1 Runat 2018-05-18 11:36:22 Use 0.004382 s

[ 2018-05-18T11:36:39+08:00 ] ::1 /lhq/Mobile/task/task/member_id/100025?XDEBUG_SESSION_START=14077
ERR: Cron:cron_1 Runat 2018-05-18 11:36:39 Use 0.003607 s

[ 2018-05-18T11:36:59+08:00 ] ::1 /lhq/Mobile/task/task/member_id/100025?XDEBUG_SESSION_START=15415
ERR: Cron:cron_1 Runat 2018-05-18 11:36:59 Use 0.002372 s

[ 2018-05-18T11:38:56+08:00 ] ::1 /lhq/Mobile/task/task/member_id/100025?XDEBUG_SESSION_START=11842
ERR: Cron:cron_1 Runat 2018-05-18 11:38:56 Use 0.002315 s

[ 2018-05-18T11:39:34+08:00 ] ::1 /lhq/Mobile/Task/task/member_id/100025?XDEBUG_SESSION_START=10456
ERR: Cron:cron_1 Runat 2018-05-18 11:39:34 Use 0.003530 s

[ 2018-05-18T11:39:48+08:00 ] ::1 /lhq/Mobile/Task/task/member_id/100025?XDEBUG_SESSION_START=10307
ERR: Cron:cron_1 Runat 2018-05-18 11:39:48 Use 0.002902 s

[ 2018-05-18T11:40:03+08:00 ] ::1 /lhq/Mobile/Task/task/member_id/100025
ERR: Cron:cron_1 Runat 2018-05-18 11:40:03 Use 0.002292 s

[ 2018-05-18T11:40:40+08:00 ] ::1 /lhq/Mobile/Index/index/member_id/100025
ERR: Cron:cron_1 Runat 2018-05-18 11:40:40 Use 0.004269 s

[ 2018-05-18T11:40:42+08:00 ] ::1 /lhq/Mobile/My/my/member_id/100025
ERR: Cron:cron_1 Runat 2018-05-18 11:40:42 Use 0.003209 s

[ 2018-05-18T11:41:47+08:00 ] ::1 /lhq/Mobile/My/bindalipay/member_id/100025
ERR: Cron:cron_1 Runat 2018-05-18 11:41:47 Use 0.002951 s

[ 2018-05-18T11:41:48+08:00 ] ::1 /lhq/Mobile/Tixian/verify
ERR: Cron:cron_1 Runat 2018-05-18 11:41:48 Use 0.002375 s

[ 2018-05-18T11:41:50+08:00 ] ::1 /lhq/Mobile/My/my/member_id/100025
ERR: Cron:cron_1 Runat 2018-05-18 11:41:50 Use 0.004882 s

[ 2018-05-18T11:42:04+08:00 ] ::1 /lhq/Mobile/My/my/member_id/100025
ERR: Cron:cron_1 Runat 2018-05-18 11:42:04 Use 0.002914 s

[ 2018-05-18T11:42:07+08:00 ] ::1 /lhq/Mobile/My/bindmobile/member_id/100025
ERR: Cron:cron_1 Runat 2018-05-18 11:42:07 Use 0.003590 s

[ 2018-05-18T11:42:14+08:00 ] ::1 /lhq/Mobile/My/bindmobile/member_id/100025?XDEBUG_SESSION_START=11785
ERR: Cron:cron_1 Runat 2018-05-18 11:42:14 Use 0.006639 s

[ 2018-05-18T11:43:14+08:00 ] ::1 /lhq/Mobile/My/bindmobile/member_id/100025?XDEBUG_SESSION_START=14890
ERR: Cron:cron_1 Runat 2018-05-18 11:43:14 Use 0.005287 s

[ 2018-05-18T11:44:20+08:00 ] ::1 /lhq/Mobile/My/bindmobile/member_id/100025?XDEBUG_SESSION_START=18740
ERR: Cron:cron_1 Runat 2018-05-18 11:44:20 Use 0.003657 s

[ 2018-05-18T11:44:43+08:00 ] ::1 /lhq/Mobile/My/bindmobile/member_id/100025?XDEBUG_SESSION_START=11760
ERR: Cron:cron_1 Runat 2018-05-18 11:44:43 Use 0.001959 s

[ 2018-05-18T11:44:53+08:00 ] ::1 /lhq/Mobile/My/bindmobile/member_id/100025?XDEBUG_SESSION_START=18209
ERR: Cron:cron_1 Runat 2018-05-18 11:44:53 Use 0.003060 s

[ 2018-05-18T11:45:56+08:00 ] ::1 /lhq/Mobile/My/bindmobile/member_id/100025?XDEBUG_SESSION_START=10324
ERR: Cron:cron_1 Runat 2018-05-18 11:45:56 Use 0.002698 s

[ 2018-05-18T11:46:10+08:00 ] ::1 /lhq/Mobile/My/bindmobile/member_id/100025?XDEBUG_SESSION_START=15388
ERR: Cron:cron_1 Runat 2018-05-18 11:46:10 Use 0.004842 s

[ 2018-05-18T11:48:19+08:00 ] ::1 /lhq/Mobile/My/bindmobile/member_id/100025?XDEBUG_SESSION_START=10596
ERR: Cron:cron_1 Runat 2018-05-18 11:48:19 Use 0.008156 s

[ 2018-05-18T11:51:02+08:00 ] ::1 /lhq/Mobile/Task/task/member_id/100025?XDEBUG_SESSION_START=12306
ERR: Cron:cron_1 Runat 2018-05-18 11:51:02 Use 0.003143 s

[ 2018-05-18T11:57:37+08:00 ] ::1 /lhq/Mobile/Task/task/member_id/100025?XDEBUG_SESSION_START=13445
ERR: Cron:cron_1 Runat 2018-05-18 11:57:37 Use 0.003154 s

[ 2018-05-18T11:59:53+08:00 ] ::1 /lhq/Mobile/Task/task/member_id/100025?XDEBUG_SESSION_START=13445
ERR: Cron:cron_1 Runat 2018-05-18 11:59:53 Use 0.003306 s

[ 2018-05-18T14:11:58+08:00 ] ::1 /lhq/Mobile/Index/index/member_id/100025
ERR: Cron:cron_1 Runat 2018-05-18 14:11:58 Use 0.002426 s

[ 2018-05-18T14:12:01+08:00 ] ::1 /lhq/Mobile/Task/task/member_id/100025
ERR: Cron:cron_1 Runat 2018-05-18 14:12:01 Use 0.003853 s

