[ 2018-05-15T14:09:42+08:00 ] ::1 /lhq/Mobile/loginapi?phone=15633777228&identify=AE964C21-3462-40FB-9221-97ECEB811E2D
ERR: Cron:cron_1 Runat 2018-05-15 14:09:42 Use 0.002039 s

[ 2018-05-15T14:10:00+08:00 ] ::1 /lhq/Mobile/codeapi?phone=15633777228&identify=AE964C21-3462-40FB-9221-97ECEB811E2D
ERR: Cron:cron_1 Runat 2018-05-15 14:10:00 Use 0.002109 s

[ 2018-05-15T14:10:59+08:00 ] ::1 /lhq/Mobile/codeapi?phone=15633777228&identify=AE964C21-3462-40FB-9221-97ECEB811E2D
ERR: Cron:cron_1 Runat 2018-05-15 14:10:59 Use 0.002191 s

[ 2018-05-15T14:15:56+08:00 ] ::1 /lhq/Mobile/codeapi?phone=15633777228&identify=AE964C21-3462-40FB-9221-97ECEB811E2D
ERR: Cron:cron_1 Runat 2018-05-15 14:15:56 Use 0.002234 s

[ 2018-05-15T15:58:06+08:00 ] ::1 /lhq/Mobile/codeapi?phone=15633777228&identify=0EA05FD9-D660-445D-A250-8E429CF75A37
ERR: Cron:cron_1 Runat 2018-05-15 15:58:06 Use 0.002019 s

[ 2018-05-15T15:59:22+08:00 ] ::1 /lhq/Mobile/codeapi?phone=15633777228&identify=0EA05FD9-D660-445D-A250-8E429CF75A37
ERR: Cron:cron_1 Runat 2018-05-15 15:59:22 Use 0.001969 s

[ 2018-05-15T16:00:06+08:00 ] ::1 /lhq/Mobile/codeapi?phone=15633777228&identify=0EA05FD9-D660-445D-A250-8E429CF75A37
ERR: Cron:cron_1 Runat 2018-05-15 16:00:06 Use 0.002256 s

[ 2018-05-15T16:08:07+08:00 ] ::1 /lhq/Mobile/codeapi?phone=15633777228&identify=0EA05FD9-D660-445D-A250-8E429CF75A37
ERR: Cron:cron_1 Runat 2018-05-15 16:08:07 Use 0.003829 s

[ 2018-05-15T16:12:16+08:00 ] ::1 /lhq/Mobile/codeapi?phone=15633777228&identify=0EA05FD9-D660-445D-A250-8E429CF75A37
ERR: Cron:cron_1 Runat 2018-05-15 16:12:16 Use 0.002151 s

[ 2018-05-15T16:19:17+08:00 ] ::1 /lhq/Mobile/Codeapi
ERR: Cron:cron_1 Runat 2018-05-15 16:19:17 Use 0.004319 s

[ 2018-05-15T17:05:35+08:00 ] ::1 /lhq/Mobile/Apiajax/statusAjax
ERR: Cron:cron_1 Runat 2018-05-15 17:05:35 Use 0.001652 s

[ 2018-05-15T17:05:35+08:00 ] ::1 /lhq/Mobile/Apiajax/statusAjax
INFO: [ app_begin ] --START--
INFO: Run Behavior\ReadHtmlCacheBehavior [ RunTime:0.002679s ]
INFO: [ app_begin ] --END-- [ RunTime:0.006677s ]
SQL: SHOW COLUMNS FROM `mission` [ RunTime:0.0012s ]
SQL: SELECT * FROM `mission` WHERE `mission_id` = 158 LIMIT 1   [ RunTime:0.0013s ]
INFO: [ app_end ] --START--
INFO: Run Behavior\ShowPageTraceBehavior [ RunTime:0.001299s ]
NOTIC: [2] include(./Apps/Common/Cron/test.php): failed to open stream: No such file or directory D:\wamp64\www\lhq\ThinkPHP\Library\Behavior\CronRunBehavior.class.php 第 44 行.
NOTIC: [2] include(): Failed opening './Apps/Common/Cron/test.php' for inclusion (include_path='.;C:\php\pear') D:\wamp64\www\lhq\ThinkPHP\Library\Behavior\CronRunBehavior.class.php 第 44 行.
INFO: Run Behavior\CronRunBehavior [ RunTime:0.009109s ]
INFO: [ app_end ] --END-- [ RunTime:0.013279s ]

[ 2018-05-15T17:05:45+08:00 ] ::1 /lhq/Mobile/Apiajax/statusAjax
ERR: Cron:cron_1 Runat 2018-05-15 17:05:45 Use 0.001696 s

[ 2018-05-15T17:05:45+08:00 ] ::1 /lhq/Mobile/Apiajax/statusAjax
INFO: [ app_begin ] --START--
INFO: Run Behavior\ReadHtmlCacheBehavior [ RunTime:0.001512s ]
INFO: [ app_begin ] --END-- [ RunTime:0.003760s ]
SQL: SHOW COLUMNS FROM `mission` [ RunTime:0.0014s ]
SQL: SELECT * FROM `mission` WHERE `mission_id` = 153 LIMIT 1   [ RunTime:0.0019s ]
INFO: [ app_end ] --START--
INFO: Run Behavior\ShowPageTraceBehavior [ RunTime:0.001185s ]
NOTIC: [2] include(./Apps/Common/Cron/test.php): failed to open stream: No such file or directory D:\wamp64\www\lhq\ThinkPHP\Library\Behavior\CronRunBehavior.class.php 第 44 行.
NOTIC: [2] include(): Failed opening './Apps/Common/Cron/test.php' for inclusion (include_path='.;C:\php\pear') D:\wamp64\www\lhq\ThinkPHP\Library\Behavior\CronRunBehavior.class.php 第 44 行.
INFO: Run Behavior\CronRunBehavior [ RunTime:0.008143s ]
INFO: [ app_end ] --END-- [ RunTime:0.012663s ]

[ 2018-05-15T17:06:42+08:00 ] ::1 /lhq/Mobile/Apiajax/statusAjax
ERR: Cron:cron_1 Runat 2018-05-15 17:06:42 Use 0.001858 s

[ 2018-05-15T17:06:42+08:00 ] ::1 /lhq/Mobile/Apiajax/statusAjax
INFO: [ app_begin ] --START--
INFO: Run Behavior\ReadHtmlCacheBehavior [ RunTime:0.002172s ]
INFO: [ app_begin ] --END-- [ RunTime:0.005195s ]
SQL: SHOW COLUMNS FROM `mission` [ RunTime:0.0029s ]
SQL: SELECT * FROM `mission` WHERE `mission_id` = 174 LIMIT 1   [ RunTime:0.0008s ]
SQL: SELECT * FROM `mission` WHERE `mission_id` = 174 LIMIT 1   [ RunTime:0.0008s ]
SQL: UPDATE `mission` SET `status`='3' WHERE `mission_id` = 174 [ RunTime:0.0623s ]
INFO: [ app_end ] --START--
INFO: Run Behavior\ShowPageTraceBehavior [ RunTime:0.001486s ]
NOTIC: [2] include(./Apps/Common/Cron/test.php): failed to open stream: No such file or directory D:\wamp64\www\lhq\ThinkPHP\Library\Behavior\CronRunBehavior.class.php 第 44 行.
NOTIC: [2] include(): Failed opening './Apps/Common/Cron/test.php' for inclusion (include_path='.;C:\php\pear') D:\wamp64\www\lhq\ThinkPHP\Library\Behavior\CronRunBehavior.class.php 第 44 行.
INFO: Run Behavior\CronRunBehavior [ RunTime:0.012124s ]
INFO: [ app_end ] --END-- [ RunTime:0.016831s ]

[ 2018-05-15T17:06:56+08:00 ] ::1 /lhq/Mobile/Apiajax/statusAjax
ERR: Cron:cron_1 Runat 2018-05-15 17:06:56 Use 0.001615 s

[ 2018-05-15T17:06:56+08:00 ] ::1 /lhq/Mobile/Apiajax/statusAjax
INFO: [ app_begin ] --START--
INFO: Run Behavior\ReadHtmlCacheBehavior [ RunTime:0.001159s ]
INFO: [ app_begin ] --END-- [ RunTime:0.003901s ]
SQL: SHOW COLUMNS FROM `mission` [ RunTime:0.0014s ]
SQL: SELECT * FROM `mission` WHERE `mission_id` = 174 LIMIT 1   [ RunTime:0.0010s ]
SQL: SELECT * FROM `mission` WHERE `mission_id` = 174 LIMIT 1   [ RunTime:0.0006s ]
SQL: UPDATE `mission` SET `status`='2',`start_time`='2018-05-15 15:00:00',`end_time`='2018-05-15 23:59:59' WHERE `mission_id` = 174 [ RunTime:0.1071s ]
INFO: [ app_end ] --START--
INFO: Run Behavior\ShowPageTraceBehavior [ RunTime:0.001508s ]
NOTIC: [2] include(./Apps/Common/Cron/test.php): failed to open stream: No such file or directory D:\wamp64\www\lhq\ThinkPHP\Library\Behavior\CronRunBehavior.class.php 第 44 行.
NOTIC: [2] include(): Failed opening './Apps/Common/Cron/test.php' for inclusion (include_path='.;C:\php\pear') D:\wamp64\www\lhq\ThinkPHP\Library\Behavior\CronRunBehavior.class.php 第 44 行.
INFO: Run Behavior\CronRunBehavior [ RunTime:0.008279s ]
INFO: [ app_end ] --END-- [ RunTime:0.012592s ]

[ 2018-05-15T17:07:03+08:00 ] ::1 /lhq/Mobile/Apiajax/statusAjax
ERR: Cron:cron_1 Runat 2018-05-15 17:07:03 Use 0.001685 s

[ 2018-05-15T17:07:03+08:00 ] ::1 /lhq/Mobile/Apiajax/statusAjax
INFO: [ app_begin ] --START--
INFO: Run Behavior\ReadHtmlCacheBehavior [ RunTime:0.000905s ]
INFO: [ app_begin ] --END-- [ RunTime:0.002696s ]
SQL: SHOW COLUMNS FROM `mission` [ RunTime:0.0027s ]
SQL: SELECT * FROM `mission` WHERE `mission_id` = 174 LIMIT 1   [ RunTime:0.0010s ]
SQL: SELECT * FROM `mission` WHERE `mission_id` = 174 LIMIT 1   [ RunTime:0.0009s ]
SQL: UPDATE `mission` SET `status`='3' WHERE `mission_id` = 174 [ RunTime:0.1234s ]
SQL: SHOW COLUMNS FROM `mem_mis` [ RunTime:0.0212s ]
SQL: SELECT * FROM `mem_mis` WHERE `mission_id` = 174 AND `status` = 2  [ RunTime:0.0014s ]
INFO: [ app_end ] --START--
INFO: Run Behavior\ShowPageTraceBehavior [ RunTime:0.001614s ]
NOTIC: [2] include(./Apps/Common/Cron/test.php): failed to open stream: No such file or directory D:\wamp64\www\lhq\ThinkPHP\Library\Behavior\CronRunBehavior.class.php 第 44 行.
NOTIC: [2] include(): Failed opening './Apps/Common/Cron/test.php' for inclusion (include_path='.;C:\php\pear') D:\wamp64\www\lhq\ThinkPHP\Library\Behavior\CronRunBehavior.class.php 第 44 行.
INFO: Run Behavior\CronRunBehavior [ RunTime:0.008466s ]
INFO: [ app_end ] --END-- [ RunTime:0.012833s ]

[ 2018-05-15T17:07:06+08:00 ] ::1 /lhq/Mobile/Apiajax/statusAjax
ERR: Cron:cron_1 Runat 2018-05-15 17:07:06 Use 0.002061 s

[ 2018-05-15T17:07:06+08:00 ] ::1 /lhq/Mobile/Apiajax/statusAjax
INFO: [ app_begin ] --START--
INFO: Run Behavior\ReadHtmlCacheBehavior [ RunTime:0.001295s ]
INFO: [ app_begin ] --END-- [ RunTime:0.004011s ]
SQL: SHOW COLUMNS FROM `mission` [ RunTime:0.0009s ]
SQL: SELECT * FROM `mission` WHERE `mission_id` = 173 LIMIT 1   [ RunTime:0.0008s ]
SQL: SELECT * FROM `mission` WHERE `mission_id` = 173 LIMIT 1   [ RunTime:0.0008s ]
SQL: UPDATE `mission` SET `status`='3' WHERE `mission_id` = 173 [ RunTime:0.0467s ]
SQL: SHOW COLUMNS FROM `mem_mis` [ RunTime:0.0014s ]
SQL: SELECT * FROM `mem_mis` WHERE `mission_id` = 173 AND `status` = 2  [ RunTime:0.0011s ]
INFO: [ app_end ] --START--
INFO: Run Behavior\ShowPageTraceBehavior [ RunTime:0.001481s ]
NOTIC: [2] include(./Apps/Common/Cron/test.php): failed to open stream: No such file or directory D:\wamp64\www\lhq\ThinkPHP\Library\Behavior\CronRunBehavior.class.php 第 44 行.
NOTIC: [2] include(): Failed opening './Apps/Common/Cron/test.php' for inclusion (include_path='.;C:\php\pear') D:\wamp64\www\lhq\ThinkPHP\Library\Behavior\CronRunBehavior.class.php 第 44 行.
INFO: Run Behavior\CronRunBehavior [ RunTime:0.011351s ]
INFO: [ app_end ] --END-- [ RunTime:0.016818s ]

